[debug] [2023-12-23T05:58:50.595Z] ----------------------------------------------------------------------
[debug] [2023-12-23T05:58:50.601Z] Command:       C:\Program Files\nodejs\node.exe C:\Program Files\nodejs\node_modules\firebase-tools\lib\bin\firebase.js init hosting
[debug] [2023-12-23T05:58:50.602Z] CLI Version:   13.0.2
[debug] [2023-12-23T05:58:50.602Z] Platform:      win32
[debug] [2023-12-23T05:58:50.603Z] Node Version:  v20.5.1
[debug] [2023-12-23T05:58:50.603Z] Time:          Sat Dec 23 2023 06:58:50 GMT+0100 (West Africa Standard Time)
[debug] [2023-12-23T05:58:50.603Z] ----------------------------------------------------------------------
[debug] 
[debug] [2023-12-23T05:58:50.619Z] > command requires scopes: ["email","openid","https://www.googleapis.com/auth/cloudplatformprojects.readonly","https://www.googleapis.com/auth/firebase","https://www.googleapis.com/auth/cloud-platform"]
[debug] [2023-12-23T05:58:50.620Z] > authorizing via signed-in user (melodyozuru087@gmail.com)
[info] 
     ######## #### ########  ######## ########     ###     ######  ########
     ##        ##  ##     ## ##       ##     ##  ##   ##  ##       ##
     ######    ##  ########  ######   ########  #########  ######  ######
     ##        ##  ##    ##  ##       ##     ## ##     ##       ## ##
     ##       #### ##     ## ######## ########  ##     ##  ######  ########

You're about to initialize a Firebase project in this directory:

  C:\Users\MARVEL\Desktop\jobProjects\godsaveWork\third\TochiboInvest

[info] 
=== Project Setup
[info] 
[info] First, let's associate this project directory with a Firebase project.
[info] You can create multiple project aliases by running firebase use --add, 
[info] but for now we'll just set up a default project.
[info] 
[info] i  If you want to create a project in a Google Cloud organization or folder, please use "firebase projects:create" instead, and return to this command when you've created the project. 
[debug] [2023-12-23T05:59:34.998Z] >>> [apiv2][query] POST https://cloudresourcemanager.googleapis.com/v1/projects [none]
[debug] [2023-12-23T05:59:35.000Z] >>> [apiv2][body] POST https://cloudresourcemanager.googleapis.com/v1/projects {"projectId":"iTochibo","name":"iTochibo"}
[debug] [2023-12-23T05:59:36.798Z] <<< [apiv2][status] POST https://cloudresourcemanager.googleapis.com/v1/projects 400
[debug] [2023-12-23T05:59:36.798Z] <<< [apiv2][body] POST https://cloudresourcemanager.googleapis.com/v1/projects {"error":{"code":400,"message":"field [project_id] has issue [project_id contains invalid characters]","status":"INVALID_ARGUMENT","details":[{"@type":"type.googleapis.com/google.rpc.BadRequest","fieldViolations":[{"field":"project_id","description":"project_id contains invalid characters"}]},{"@type":"type.googleapis.com/google.rpc.Help","links":[{"url":"https://cloud.google.com/resource-manager/reference/rest/v1/projects"}]}]}}
[debug] [2023-12-23T05:59:36.803Z] FirebaseError: HTTP Error: 400, field [project_id] has issue [project_id contains invalid characters]
    at responseToError (C:\ProgramData\nvm\v20.5.1\node_modules\firebase-tools\lib\responseToError.js:49:12)
    at RetryOperation._fn (C:\ProgramData\nvm\v20.5.1\node_modules\firebase-tools\lib\apiv2.js:292:77)
    at process.processTicksAndRejections (node:internal/process/task_queues:95:5)
[error] 
[error] Error: Failed to create project. See firebase-debug.log for more info.
